<?xml version="1.0" encoding="UTF-8"?>
<!-- Generated by org.testng.reporters.JUnitReportReporter -->
<testsuite hostname="DESKTOP-U4CTL14" failures="0" tests="1" name="TestCases.sampletest" time="18.078" errors="0" timestamp="2023-08-15T23:00:53 IST" skipped="0">
  <testcase classname="TestCases.sampletest" name="testsample" time="18.078"/>
</testsuite> <!-- TestCases.sampletest -->
