<?xml version="1.0" encoding="UTF-8"?>
<!-- Generated by org.testng.reporters.JUnitReportReporter -->
<testsuite hostname="DESKTOP-U4CTL14" failures="0" tests="1" name="TestCases.WriteDataExcel" time="30.414" errors="0" timestamp="2023-07-14T20:20:56 IST" skipped="0">
  <testcase classname="TestCases.WriteDataExcel" name="ExcelDataUpdate" time="30.414"/>
  <system-out/>
</testsuite> <!-- TestCases.WriteDataExcel -->
