<?xml version="1.0" encoding="UTF-8"?>
<!-- Generated by org.testng.reporters.JUnitReportReporter -->
<testsuite hostname="DESKTOP-U4CTL14" failures="0" tests="1" name="TestCases.TC_001_LoginTest" time="10.104" errors="0" timestamp="2023-07-02T13:09:24 IST" skipped="0">
  <testcase classname="TestCases.TC_001_LoginTest" name="login_test" time="10.104"/>
  <system-out/>
</testsuite> <!-- TestCases.TC_001_LoginTest -->
