<?xml version="1.0" encoding="UTF-8"?>
<!-- Generated by org.testng.reporters.JUnitReportReporter -->
<testsuite hostname="DESKTOP-U4CTL14" failures="0" tests="1" name="TestBase.SendEmail" time="4.340" errors="0" timestamp="2023-07-23T14:01:25 IST" skipped="0">
  <testcase classname="TestBase.SendEmail" name="mailsending" time="4.340"/>
  <system-out/>
</testsuite> <!-- TestBase.SendEmail -->
