<?xml version="1.0" encoding="UTF-8"?>
<!-- Generated by org.testng.reporters.JUnitReportReporter -->
<testsuite hostname="DESKTOP-U4CTL14" failures="0" tests="1" name="TestCases.sampletest" time="43.540" errors="0" timestamp="2023-08-20T10:31:13 IST" skipped="0">
  <testcase classname="TestCases.sampletest" name="testsample" time="43.540"/>
</testsuite> <!-- TestCases.sampletest -->
