<?xml version="1.0" encoding="UTF-8"?>
<!-- Generated by org.testng.reporters.JUnitReportReporter -->
<testsuite hostname="DESKTOP-U4CTL14" failures="0" tests="1" name="TestCases.DataDrivenTestSample" time="1.302" errors="0" timestamp="2023-07-13T20:46:05 IST" skipped="0">
  <testcase classname="TestCases.DataDrivenTestSample" name="excelsheetupdate" time="1.302"/>
  <system-out/>
</testsuite> <!-- TestCases.DataDrivenTestSample -->
